# JRE version: Java(TM) SE Runtime Environment (8.0_221-b11) (build 1.8.0_221-b11)
# Java VM: Java HotSpot(TM) 64-Bit Server VM (25.221-b11 mixed mode windows-amd64 compressed oops)
Heap:
 PSYoungGen      total 102912K, used 59118K [0x00000000d5d00000, 0x00000000e4c00000, 0x0000000100000000)
  eden space 102400K, 57% used [0x00000000d5d00000,0x00000000d968b8f0,0x00000000dc100000)
  from space 512K, 37% used [0x00000000e4b80000,0x00000000e4bb0000,0x00000000e4c00000)
  to   space 10752K, 0% used [0x00000000e3700000,0x00000000e3700000,0x00000000e4180000)
 ParOldGen       total 87552K, used 14292K [0x0000000081600000, 0x0000000086b80000, 0x00000000d5d00000)
  object space 87552K, 16% used [0x0000000081600000,0x00000000823f5248,0x0000000086b80000)
 Metaspace       used 14427K, capacity 15070K, committed 15360K, reserved 1062912K
  class space    used 1892K, capacity 2044K, committed 2048K, reserved 1048576K
GC Heap History (10 events):
Event: 8.698 GC heap before
{Heap before GC invocations=10 (full 0):
 PSYoungGen      total 135680K, used 123680K [0x00000000d5d00000, 0x00000000e6d00000, 0x0000000100000000)
  eden space 123392K, 100% used [0x00000000d5d00000,0x00000000dd580000,0x00000000dd580000)
  from space 12288K, 2% used [0x00000000e5500000,0x00000000e5548000,0x00000000e6100000)
  to   space 12288K, 0% used [0x00000000e6100000,0x00000000e6100000,0x00000000e6d00000)
 ParOldGen       total 87552K, used 14036K [0x0000000081600000, 0x0000000086b80000, 0x00000000d5d00000)
  object space 87552K, 16% used [0x0000000081600000,0x00000000823b5248,0x0000000086b80000)
 Metaspace       used 14198K, capacity 14802K, committed 14848K, reserved 1062912K
  class space    used 1890K, capacity 2042K, committed 2048K, reserved 1048576K
Event: 8.700 GC heap after
Heap after GC invocations=10 (full 0):
 PSYoungGen      total 119296K, used 224K [0x00000000d5d00000, 0x00000000e6180000, 0x0000000100000000)
  eden space 118784K, 0% used [0x00000000d5d00000,0x00000000d5d00000,0x00000000dd100000)
  from space 512K, 43% used [0x00000000e6100000,0x00000000e6138000,0x00000000e6180000)
  to   space 12288K, 0% used [0x00000000e4980000,0x00000000e4980000,0x00000000e5580000)
 ParOldGen       total 87552K, used 14084K [0x0000000081600000, 0x0000000086b80000, 0x00000000d5d00000)
  object space 87552K, 16% used [0x0000000081600000,0x00000000823c1248,0x0000000086b80000)
 Metaspace       used 14198K, capacity 14802K, committed 14848K, reserved 1062912K
  class space    used 1890K, capacity 2042K, committed 2048K, reserved 1048576K
}
Event: 9.621 GC heap before
{Heap before GC invocations=11 (full 0):
 PSYoungGen      total 119296K, used 119008K [0x00000000d5d00000, 0x00000000e6180000, 0x0000000100000000)
  eden space 118784K, 100% used [0x00000000d5d00000,0x00000000dd100000,0x00000000dd100000)
  from space 512K, 43% used [0x00000000e6100000,0x00000000e6138000,0x00000000e6180000)
  to   space 12288K, 0% used [0x00000000e4980000,0x00000000e4980000,0x00000000e5580000)
 ParOldGen       total 87552K, used 14084K [0x0000000081600000, 0x0000000086b80000, 0x00000000d5d00000)
  object space 87552K, 16% used [0x0000000081600000,0x00000000823c1248,0x0000000086b80000)
 Metaspace       used 14306K, capacity 14866K, committed 15104K, reserved 1062912K
  class space    used 1891K, capacity 2042K, committed 2048K, reserved 1048576K
Event: 9.622 GC heap after
Heap after GC invocations=11 (full 0):
 PSYoungGen      total 126464K, used 224K [0x00000000d5d00000, 0x00000000e6180000, 0x0000000100000000)
  eden space 114176K, 0% used [0x00000000d5d00000,0x00000000d5d00000,0x00000000dcc80000)
  from space 12288K, 1% used [0x00000000e4980000,0x00000000e49b8000,0x00000000e5580000)
  to   space 11776K, 0% used [0x00000000e5600000,0x00000000e5600000,0x00000000e6180000)
 ParOldGen       total 87552K, used 14148K [0x0000000081600000, 0x0000000086b80000, 0x00000000d5d00000)
  object space 87552K, 16% used [0x0000000081600000,0x00000000823d1248,0x0000000086b80000)
 Metaspace       used 14306K, capacity 14866K, committed 15104K, reserved 1062912K
  class space    used 1891K, capacity 2042K, committed 2048K, reserved 1048576K
}
Event: 10.452 GC heap before
{Heap before GC invocations=12 (full 0):
 PSYoungGen      total 126464K, used 114400K [0x00000000d5d00000, 0x00000000e6180000, 0x0000000100000000)
  eden space 114176K, 100% used [0x00000000d5d00000,0x00000000dcc80000,0x00000000dcc80000)
  from space 12288K, 1% used [0x00000000e4980000,0x00000000e49b8000,0x00000000e5580000)
  to   space 11776K, 0% used [0x00000000e5600000,0x00000000e5600000,0x00000000e6180000)
 ParOldGen       total 87552K, used 14148K [0x0000000081600000, 0x0000000086b80000, 0x00000000d5d00000)
  object space 87552K, 16% used [0x0000000081600000,0x00000000823d1248,0x0000000086b80000)
 Metaspace       used 14378K, capacity 14994K, committed 15104K, reserved 1062912K
  class space    used 1891K, capacity 2042K, committed 2048K, reserved 1048576K
Event: 10.453 GC heap after
Heap after GC invocations=12 (full 0):
 PSYoungGen      total 110592K, used 224K [0x00000000d5d00000, 0x00000000e5680000, 0x0000000100000000)
  eden space 110080K, 0% used [0x00000000d5d00000,0x00000000d5d00000,0x00000000dc880000)
  from space 512K, 43% used [0x00000000e5600000,0x00000000e5638000,0x00000000e5680000)
  to   space 11776K, 0% used [0x00000000e3f80000,0x00000000e3f80000,0x00000000e4b00000)
 ParOldGen       total 87552K, used 14212K [0x0000000081600000, 0x0000000086b80000, 0x00000000d5d00000)
  object space 87552K, 16% used [0x0000000081600000,0x00000000823e1248,0x0000000086b80000)
 Metaspace       used 14378K, capacity 14994K, committed 15104K, reserved 1062912K
  class space    used 1891K, capacity 2042K, committed 2048K, reserved 1048576K
}
Event: 11.255 GC heap before
{Heap before GC invocations=13 (full 0):
 PSYoungGen      total 110592K, used 110304K [0x00000000d5d00000, 0x00000000e5680000, 0x0000000100000000)
  eden space 110080K, 100% used [0x00000000d5d00000,0x00000000dc880000,0x00000000dc880000)
  from space 512K, 43% used [0x00000000e5600000,0x00000000e5638000,0x00000000e5680000)
  to   space 11776K, 0% used [0x00000000e3f80000,0x00000000e3f80000,0x00000000e4b00000)
 ParOldGen       total 87552K, used 14212K [0x0000000081600000, 0x0000000086b80000, 0x00000000d5d00000)
  object space 87552K, 16% used [0x0000000081600000,0x00000000823e1248,0x0000000086b80000)
 Metaspace       used 14380K, capacity 14994K, committed 15104K, reserved 1062912K
  class space    used 1891K, capacity 2042K, committed 2048K, reserved 1048576K
Event: 11.256 GC heap after
Heap after GC invocations=13 (full 0):
 PSYoungGen      total 117760K, used 224K [0x00000000d5d00000, 0x00000000e5680000, 0x0000000100000000)
  eden space 105984K, 0% used [0x00000000d5d00000,0x00000000d5d00000,0x00000000dc480000)
  from space 11776K, 1% used [0x00000000e3f80000,0x00000000e3fb8000,0x00000000e4b00000)
  to   space 11264K, 0% used [0x00000000e4b80000,0x00000000e4b80000,0x00000000e5680000)
 ParOldGen       total 87552K, used 14252K [0x0000000081600000, 0x0000000086b80000, 0x00000000d5d00000)
  object space 87552K, 16% used [0x0000000081600000,0x00000000823eb248,0x0000000086b80000)
 Metaspace       used 14380K, capacity 14994K, committed 15104K, reserved 1062912K
  class space    used 1891K, capacity 2042K, committed 2048K, reserved 1048576K
}
Event: 12.054 GC heap before
{Heap before GC invocations=14 (full 0):
 PSYoungGen      total 117760K, used 106208K [0x00000000d5d00000, 0x00000000e5680000, 0x0000000100000000)
  eden space 105984K, 100% used [0x00000000d5d00000,0x00000000dc480000,0x00000000dc480000)
  from space 11776K, 1% used [0x00000000e3f80000,0x00000000e3fb8000,0x00000000e4b00000)
  to   space 11264K, 0% used [0x00000000e4b80000,0x00000000e4b80000,0x00000000e5680000)
 ParOldGen       total 87552K, used 14252K [0x0000000081600000, 0x0000000086b80000, 0x00000000d5d00000)
  object space 87552K, 16% used [0x0000000081600000,0x00000000823eb248,0x0000000086b80000)
 Metaspace       used 14381K, capacity 14994K, committed 15104K, reserved 1062912K
  class space    used 1891K, capacity 2042K, committed 2048K, reserved 1048576K
Event: 12.056 GC heap after
Heap after GC invocations=14 (full 0):
 PSYoungGen      total 102912K, used 192K [0x00000000d5d00000, 0x00000000e4c00000, 0x0000000100000000)
  eden space 102400K, 0% used [0x00000000d5d00000,0x00000000d5d00000,0x00000000dc100000)
  from space 512K, 37% used [0x00000000e4b80000,0x00000000e4bb0000,0x00000000e4c00000)
  to   space 10752K, 0% used [0x00000000e3700000,0x00000000e3700000,0x00000000e4180000)
 ParOldGen       total 87552K, used 14292K [0x0000000081600000, 0x0000000086b80000, 0x00000000d5d00000)
  object space 87552K, 16% used [0x0000000081600000,0x00000000823f5248,0x0000000086b80000)
 Metaspace       used 14381K, capacity 14994K, committed 15104K, reserved 1062912K
  class space    used 1891K, capacity 2042K, committed 2048K, reserved 1048576K
}

