# JRE version: Java(TM) SE Runtime Environment (8.0_221-b11) (build 1.8.0_221-b11)
# Java VM: Java HotSpot(TM) 64-Bit Server VM (25.221-b11 mixed mode windows-amd64 compressed oops)
Heap:
 PSYoungGen      total 56320K, used 36927K [0x00000000d5d00000, 0x00000000da100000, 0x0000000100000000)
  eden space 47104K, 59% used [0x00000000d5d00000,0x00000000d785bdd0,0x00000000d8b00000)
  from space 9216K, 96% used [0x00000000d8c00000,0x00000000d94b3fb0,0x00000000d9500000)
  to   space 11264K, 0% used [0x00000000d9600000,0x00000000d9600000,0x00000000da100000)
 ParOldGen       total 87552K, used 19126K [0x0000000081600000, 0x0000000086b80000, 0x00000000d5d00000)
  object space 87552K, 21% used [0x0000000081600000,0x00000000828adb50,0x0000000086b80000)
 Metaspace       used 14369K, capacity 15016K, committed 15104K, reserved 1062912K
  class space    used 1891K, capacity 2045K, committed 2048K, reserved 1048576K
GC Heap History (10 events):
Event: 7.110 GC heap before
{Heap before GC invocations=13 (full 0):
 PSYoungGen      total 61440K, used 53472K [0x00000000d5d00000, 0x00000000da500000, 0x0000000100000000)
  eden space 53248K, 100% used [0x00000000d5d00000,0x00000000d9100000,0x00000000d9100000)
  from space 8192K, 2% used [0x00000000d9d00000,0x00000000d9d38000,0x00000000da500000)
  to   space 10240K, 0% used [0x00000000d9100000,0x00000000d9100000,0x00000000d9b00000)
 ParOldGen       total 87552K, used 14244K [0x0000000081600000, 0x0000000086b80000, 0x00000000d5d00000)
  object space 87552K, 16% used [0x0000000081600000,0x00000000823e92d0,0x0000000086b80000)
 Metaspace       used 14082K, capacity 14680K, committed 14848K, reserved 1062912K
  class space    used 1889K, capacity 2043K, committed 2048K, reserved 1048576K
Event: 7.112 GC heap after
Heap after GC invocations=13 (full 0):
 PSYoungGen      total 52224K, used 288K [0x00000000d5d00000, 0x00000000da380000, 0x0000000100000000)
  eden space 51712K, 0% used [0x00000000d5d00000,0x00000000d5d00000,0x00000000d8f80000)
  from space 512K, 56% used [0x00000000d9100000,0x00000000d9148000,0x00000000d9180000)
  to   space 10240K, 0% used [0x00000000d9980000,0x00000000d9980000,0x00000000da380000)
 ParOldGen       total 87552K, used 14284K [0x0000000081600000, 0x0000000086b80000, 0x00000000d5d00000)
  object space 87552K, 16% used [0x0000000081600000,0x00000000823f32d0,0x0000000086b80000)
 Metaspace       used 14082K, capacity 14680K, committed 14848K, reserved 1062912K
  class space    used 1889K, capacity 2043K, committed 2048K, reserved 1048576K
}
Event: 7.496 GC heap before
{Heap before GC invocations=14 (full 0):
 PSYoungGen      total 52224K, used 52000K [0x00000000d5d00000, 0x00000000da380000, 0x0000000100000000)
  eden space 51712K, 100% used [0x00000000d5d00000,0x00000000d8f80000,0x00000000d8f80000)
  from space 512K, 56% used [0x00000000d9100000,0x00000000d9148000,0x00000000d9180000)
  to   space 10240K, 0% used [0x00000000d9980000,0x00000000d9980000,0x00000000da380000)
 ParOldGen       total 87552K, used 14284K [0x0000000081600000, 0x0000000086b80000, 0x00000000d5d00000)
  object space 87552K, 16% used [0x0000000081600000,0x00000000823f32d0,0x0000000086b80000)
 Metaspace       used 14149K, capacity 14744K, committed 14848K, reserved 1062912K
  class space    used 1889K, capacity 2043K, committed 2048K, reserved 1048576K
Event: 7.497 GC heap after
Heap after GC invocations=14 (full 0):
 PSYoungGen      total 57856K, used 192K [0x00000000d5d00000, 0x00000000da100000, 0x0000000100000000)
  eden space 50176K, 0% used [0x00000000d5d00000,0x00000000d5d00000,0x00000000d8e00000)
  from space 7680K, 2% used [0x00000000d9980000,0x00000000d99b0000,0x00000000da100000)
  to   space 9728K, 0% used [0x00000000d8e00000,0x00000000d8e00000,0x00000000d9780000)
 ParOldGen       total 87552K, used 14340K [0x0000000081600000, 0x0000000086b80000, 0x00000000d5d00000)
  object space 87552K, 16% used [0x0000000081600000,0x00000000824012d0,0x0000000086b80000)
 Metaspace       used 14149K, capacity 14744K, committed 14848K, reserved 1062912K
  class space    used 1889K, capacity 2043K, committed 2048K, reserved 1048576K
}
Event: 7.848 GC heap before
{Heap before GC invocations=15 (full 0):
 PSYoungGen      total 57856K, used 50368K [0x00000000d5d00000, 0x00000000da100000, 0x0000000100000000)
  eden space 50176K, 100% used [0x00000000d5d00000,0x00000000d8e00000,0x00000000d8e00000)
  from space 7680K, 2% used [0x00000000d9980000,0x00000000d99b0000,0x00000000da100000)
  to   space 9728K, 0% used [0x00000000d8e00000,0x00000000d8e00000,0x00000000d9780000)
 ParOldGen       total 87552K, used 14340K [0x0000000081600000, 0x0000000086b80000, 0x00000000d5d00000)
  object space 87552K, 16% used [0x0000000081600000,0x00000000824012d0,0x0000000086b80000)
 Metaspace       used 14151K, capacity 14744K, committed 14848K, reserved 1062912K
  class space    used 1889K, capacity 2043K, committed 2048K, reserved 1048576K
Event: 7.849 GC heap after
Heap after GC invocations=15 (full 0):
 PSYoungGen      total 49664K, used 192K [0x00000000d5d00000, 0x00000000da000000, 0x0000000100000000)
  eden space 49152K, 0% used [0x00000000d5d00000,0x00000000d5d00000,0x00000000d8d00000)
  from space 512K, 37% used [0x00000000d8e00000,0x00000000d8e30000,0x00000000d8e80000)
  to   space 9728K, 0% used [0x00000000d9680000,0x00000000d9680000,0x00000000da000000)
 ParOldGen       total 87552K, used 14388K [0x0000000081600000, 0x0000000086b80000, 0x00000000d5d00000)
  object space 87552K, 16% used [0x0000000081600000,0x000000008240d2d0,0x0000000086b80000)
 Metaspace       used 14151K, capacity 14744K, committed 14848K, reserved 1062912K
  class space    used 1889K, capacity 2043K, committed 2048K, reserved 1048576K
}
Event: 8.203 GC heap before
{Heap before GC invocations=16 (full 0):
 PSYoungGen      total 49664K, used 49344K [0x00000000d5d00000, 0x00000000da000000, 0x0000000100000000)
  eden space 49152K, 100% used [0x00000000d5d00000,0x00000000d8d00000,0x00000000d8d00000)
  from space 512K, 37% used [0x00000000d8e00000,0x00000000d8e30000,0x00000000d8e80000)
  to   space 9728K, 0% used [0x00000000d9680000,0x00000000d9680000,0x00000000da000000)
 ParOldGen       total 87552K, used 14388K [0x0000000081600000, 0x0000000086b80000, 0x00000000d5d00000)
  object space 87552K, 16% used [0x0000000081600000,0x000000008240d2d0,0x0000000086b80000)
 Metaspace       used 14195K, capacity 14808K, committed 15104K, reserved 1062912K
  class space    used 1889K, capacity 2043K, committed 2048K, reserved 1048576K
Event: 8.204 GC heap after
Heap after GC invocations=16 (full 0):
 PSYoungGen      total 55808K, used 256K [0x00000000d5d00000, 0x00000000d9e00000, 0x0000000100000000)
  eden space 48128K, 0% used [0x00000000d5d00000,0x00000000d5d00000,0x00000000d8c00000)
  from space 7680K, 3% used [0x00000000d9680000,0x00000000d96c0000,0x00000000d9e00000)
  to   space 9216K, 0% used [0x00000000d8c00000,0x00000000d8c00000,0x00000000d9500000)
 ParOldGen       total 87552K, used 14420K [0x0000000081600000, 0x0000000086b80000, 0x00000000d5d00000)
  object space 87552K, 16% used [0x0000000081600000,0x00000000824152d0,0x0000000086b80000)
 Metaspace       used 14195K, capacity 14808K, committed 15104K, reserved 1062912K
  class space    used 1889K, capacity 2043K, committed 2048K, reserved 1048576K
}
Event: 8.454 GC heap before
{Heap before GC invocations=17 (full 0):
 PSYoungGen      total 55808K, used 48384K [0x00000000d5d00000, 0x00000000d9e00000, 0x0000000100000000)
  eden space 48128K, 100% used [0x00000000d5d00000,0x00000000d8c00000,0x00000000d8c00000)
  from space 7680K, 3% used [0x00000000d9680000,0x00000000d96c0000,0x00000000d9e00000)
  to   space 9216K, 0% used [0x00000000d8c00000,0x00000000d8c00000,0x00000000d9500000)
 ParOldGen       total 87552K, used 14420K [0x0000000081600000, 0x0000000086b80000, 0x00000000d5d00000)
  object space 87552K, 16% used [0x0000000081600000,0x00000000824152d0,0x0000000086b80000)
 Metaspace       used 14280K, capacity 14952K, committed 15104K, reserved 1062912K
  class space    used 1890K, capacity 2045K, committed 2048K, reserved 1048576K
Event: 8.459 GC heap after
Heap after GC invocations=17 (full 0):
 PSYoungGen      total 56320K, used 8911K [0x00000000d5d00000, 0x00000000da100000, 0x0000000100000000)
  eden space 47104K, 0% used [0x00000000d5d00000,0x00000000d5d00000,0x00000000d8b00000)
  from space 9216K, 96% used [0x00000000d8c00000,0x00000000d94b3fb0,0x00000000d9500000)
  to   space 11264K, 0% used [0x00000000d9600000,0x00000000d9600000,0x00000000da100000)
 ParOldGen       total 87552K, used 19126K [0x0000000081600000, 0x0000000086b80000, 0x00000000d5d00000)
  object space 87552K, 21% used [0x0000000081600000,0x00000000828adb50,0x0000000086b80000)
 Metaspace       used 14280K, capacity 14952K, committed 15104K, reserved 1062912K
  class space    used 1890K, capacity 2045K, committed 2048K, reserved 1048576K
}

