# JRE version: Java(TM) SE Runtime Environment (8.0_221-b11) (build 1.8.0_221-b11)
# Java VM: Java HotSpot(TM) 64-Bit Server VM (25.221-b11 mixed mode windows-amd64 compressed oops)
Heap:
 PSYoungGen      total 29696K, used 15324K [0x00000000d5d00000, 0x00000000dfc00000, 0x0000000100000000)
  eden space 29184K, 51% used [0x00000000d5d00000,0x00000000d6bcf288,0x00000000d7980000)
  from space 512K, 31% used [0x00000000dfb00000,0x00000000dfb28000,0x00000000dfb80000)
  to   space 512K, 0% used [0x00000000dfb80000,0x00000000dfb80000,0x00000000dfc00000)
 ParOldGen       total 87552K, used 14917K [0x0000000081600000, 0x0000000086b80000, 0x00000000d5d00000)
  object space 87552K, 17% used [0x0000000081600000,0x00000000824914e0,0x0000000086b80000)
 Metaspace       used 14440K, capacity 15074K, committed 15360K, reserved 1062912K
  class space    used 1891K, capacity 2044K, committed 2048K, reserved 1048576K
GC Heap History (10 events):
Event: 55.968 GC heap before
{Heap before GC invocations=79 (full 0):
 PSYoungGen      total 32256K, used 31904K [0x00000000d5d00000, 0x00000000dfc00000, 0x0000000100000000)
  eden space 31744K, 100% used [0x00000000d5d00000,0x00000000d7c00000,0x00000000d7c00000)
  from space 512K, 31% used [0x00000000dfb80000,0x00000000dfba8000,0x00000000dfc00000)
  to   space 512K, 0% used [0x00000000dfb00000,0x00000000dfb00000,0x00000000dfb80000)
 ParOldGen       total 87552K, used 14845K [0x0000000081600000, 0x0000000086b80000, 0x00000000d5d00000)
  object space 87552K, 16% used [0x0000000081600000,0x000000008247f4e0,0x0000000086b80000)
 Metaspace       used 14387K, capacity 14994K, committed 15104K, reserved 1062912K
  class space    used 1890K, capacity 2042K, committed 2048K, reserved 1048576K
Event: 55.970 GC heap after
Heap after GC invocations=79 (full 0):
 PSYoungGen      total 31744K, used 160K [0x00000000d5d00000, 0x00000000dfc00000, 0x0000000100000000)
  eden space 31232K, 0% used [0x00000000d5d00000,0x00000000d5d00000,0x00000000d7b80000)
  from space 512K, 31% used [0x00000000dfb00000,0x00000000dfb28000,0x00000000dfb80000)
  to   space 512K, 0% used [0x00000000dfb80000,0x00000000dfb80000,0x00000000dfc00000)
 ParOldGen       total 87552K, used 14885K [0x0000000081600000, 0x0000000086b80000, 0x00000000d5d00000)
  object space 87552K, 17% used [0x0000000081600000,0x00000000824894e0,0x0000000086b80000)
 Metaspace       used 14387K, capacity 14994K, committed 15104K, reserved 1062912K
  class space    used 1890K, capacity 2042K, committed 2048K, reserved 1048576K
}
Event: 56.216 GC heap before
{Heap before GC invocations=80 (full 0):
 PSYoungGen      total 31744K, used 31392K [0x00000000d5d00000, 0x00000000dfc00000, 0x0000000100000000)
  eden space 31232K, 100% used [0x00000000d5d00000,0x00000000d7b80000,0x00000000d7b80000)
  from space 512K, 31% used [0x00000000dfb00000,0x00000000dfb28000,0x00000000dfb80000)
  to   space 512K, 0% used [0x00000000dfb80000,0x00000000dfb80000,0x00000000dfc00000)
 ParOldGen       total 87552K, used 14885K [0x0000000081600000, 0x0000000086b80000, 0x00000000d5d00000)
  object space 87552K, 17% used [0x0000000081600000,0x00000000824894e0,0x0000000086b80000)
 Metaspace       used 14387K, capacity 14994K, committed 15104K, reserved 1062912K
  class space    used 1890K, capacity 2042K, committed 2048K, reserved 1048576K
Event: 56.217 GC heap after
Heap after GC invocations=80 (full 0):
 PSYoungGen      total 31232K, used 128K [0x00000000d5d00000, 0x00000000dfc00000, 0x0000000100000000)
  eden space 30720K, 0% used [0x00000000d5d00000,0x00000000d5d00000,0x00000000d7b00000)
  from space 512K, 25% used [0x00000000dfb80000,0x00000000dfba0000,0x00000000dfc00000)
  to   space 512K, 0% used [0x00000000dfb00000,0x00000000dfb00000,0x00000000dfb80000)
 ParOldGen       total 87552K, used 14885K [0x0000000081600000, 0x0000000086b80000, 0x00000000d5d00000)
  object space 87552K, 17% used [0x0000000081600000,0x00000000824894e0,0x0000000086b80000)
 Metaspace       used 14387K, capacity 14994K, committed 15104K, reserved 1062912K
  class space    used 1890K, capacity 2042K, committed 2048K, reserved 1048576K
}
Event: 56.467 GC heap before
{Heap before GC invocations=81 (full 0):
 PSYoungGen      total 31232K, used 30848K [0x00000000d5d00000, 0x00000000dfc00000, 0x0000000100000000)
  eden space 30720K, 100% used [0x00000000d5d00000,0x00000000d7b00000,0x00000000d7b00000)
  from space 512K, 25% used [0x00000000dfb80000,0x00000000dfba0000,0x00000000dfc00000)
  to   space 512K, 0% used [0x00000000dfb00000,0x00000000dfb00000,0x00000000dfb80000)
 ParOldGen       total 87552K, used 14885K [0x0000000081600000, 0x0000000086b80000, 0x00000000d5d00000)
  object space 87552K, 17% used [0x0000000081600000,0x00000000824894e0,0x0000000086b80000)
 Metaspace       used 14387K, capacity 14994K, committed 15104K, reserved 1062912K
  class space    used 1890K, capacity 2042K, committed 2048K, reserved 1048576K
Event: 56.469 GC heap after
Heap after GC invocations=81 (full 0):
 PSYoungGen      total 30720K, used 128K [0x00000000d5d00000, 0x00000000dfc00000, 0x0000000100000000)
  eden space 30208K, 0% used [0x00000000d5d00000,0x00000000d5d00000,0x00000000d7a80000)
  from space 512K, 25% used [0x00000000dfb00000,0x00000000dfb20000,0x00000000dfb80000)
  to   space 512K, 0% used [0x00000000dfb80000,0x00000000dfb80000,0x00000000dfc00000)
 ParOldGen       total 87552K, used 14885K [0x0000000081600000, 0x0000000086b80000, 0x00000000d5d00000)
  object space 87552K, 17% used [0x0000000081600000,0x00000000824894e0,0x0000000086b80000)
 Metaspace       used 14387K, capacity 14994K, committed 15104K, reserved 1062912K
  class space    used 1890K, capacity 2042K, committed 2048K, reserved 1048576K
}
Event: 56.666 GC heap before
{Heap before GC invocations=82 (full 0):
 PSYoungGen      total 30720K, used 30336K [0x00000000d5d00000, 0x00000000dfc00000, 0x0000000100000000)
  eden space 30208K, 100% used [0x00000000d5d00000,0x00000000d7a80000,0x00000000d7a80000)
  from space 512K, 25% used [0x00000000dfb00000,0x00000000dfb20000,0x00000000dfb80000)
  to   space 512K, 0% used [0x00000000dfb80000,0x00000000dfb80000,0x00000000dfc00000)
 ParOldGen       total 87552K, used 14885K [0x0000000081600000, 0x0000000086b80000, 0x00000000d5d00000)
  object space 87552K, 17% used [0x0000000081600000,0x00000000824894e0,0x0000000086b80000)
 Metaspace       used 14387K, capacity 14994K, committed 15104K, reserved 1062912K
  class space    used 1890K, capacity 2042K, committed 2048K, reserved 1048576K
Event: 56.668 GC heap after
Heap after GC invocations=82 (full 0):
 PSYoungGen      total 30208K, used 128K [0x00000000d5d00000, 0x00000000dfc00000, 0x0000000100000000)
  eden space 29696K, 0% used [0x00000000d5d00000,0x00000000d5d00000,0x00000000d7a00000)
  from space 512K, 25% used [0x00000000dfb80000,0x00000000dfba0000,0x00000000dfc00000)
  to   space 512K, 0% used [0x00000000dfb00000,0x00000000dfb00000,0x00000000dfb80000)
 ParOldGen       total 87552K, used 14885K [0x0000000081600000, 0x0000000086b80000, 0x00000000d5d00000)
  object space 87552K, 17% used [0x0000000081600000,0x00000000824894e0,0x0000000086b80000)
 Metaspace       used 14387K, capacity 14994K, committed 15104K, reserved 1062912K
  class space    used 1890K, capacity 2042K, committed 2048K, reserved 1048576K
}
Event: 56.901 GC heap before
{Heap before GC invocations=83 (full 0):
 PSYoungGen      total 30208K, used 29824K [0x00000000d5d00000, 0x00000000dfc00000, 0x0000000100000000)
  eden space 29696K, 100% used [0x00000000d5d00000,0x00000000d7a00000,0x00000000d7a00000)
  from space 512K, 25% used [0x00000000dfb80000,0x00000000dfba0000,0x00000000dfc00000)
  to   space 512K, 0% used [0x00000000dfb00000,0x00000000dfb00000,0x00000000dfb80000)
 ParOldGen       total 87552K, used 14885K [0x0000000081600000, 0x0000000086b80000, 0x00000000d5d00000)
  object space 87552K, 17% used [0x0000000081600000,0x00000000824894e0,0x0000000086b80000)
 Metaspace       used 14387K, capacity 14994K, committed 15104K, reserved 1062912K
  class space    used 1890K, capacity 2042K, committed 2048K, reserved 1048576K
Event: 56.904 GC heap after
Heap after GC invocations=83 (full 0):
 PSYoungGen      total 29696K, used 160K [0x00000000d5d00000, 0x00000000dfc00000, 0x0000000100000000)
  eden space 29184K, 0% used [0x00000000d5d00000,0x00000000d5d00000,0x00000000d7980000)
  from space 512K, 31% used [0x00000000dfb00000,0x00000000dfb28000,0x00000000dfb80000)
  to   space 512K, 0% used [0x00000000dfb80000,0x00000000dfb80000,0x00000000dfc00000)
 ParOldGen       total 87552K, used 14917K [0x0000000081600000, 0x0000000086b80000, 0x00000000d5d00000)
  object space 87552K, 17% used [0x0000000081600000,0x00000000824914e0,0x0000000086b80000)
 Metaspace       used 14387K, capacity 14994K, committed 15104K, reserved 1062912K
  class space    used 1890K, capacity 2042K, committed 2048K, reserved 1048576K
}

