# JRE version: Java(TM) SE Runtime Environment (8.0_221-b11) (build 1.8.0_221-b11)
# Java VM: Java HotSpot(TM) 64-Bit Server VM (25.221-b11 mixed mode windows-amd64 compressed oops)
Heap:
 PSYoungGen      total 119296K, used 55539K [0x00000000d5d00000, 0x00000000e6180000, 0x0000000100000000)
  eden space 118784K, 46% used [0x00000000d5d00000,0x00000000d92f38e0,0x00000000dd100000)
  from space 512K, 57% used [0x00000000e6100000,0x00000000e6149470,0x00000000e6180000)
  to   space 11776K, 0% used [0x00000000e4a80000,0x00000000e4a80000,0x00000000e5600000)
 ParOldGen       total 87552K, used 13993K [0x0000000081600000, 0x0000000086b80000, 0x00000000d5d00000)
  object space 87552K, 15% used [0x0000000081600000,0x00000000823aa488,0x0000000086b80000)
 Metaspace       used 14290K, capacity 14952K, committed 15104K, reserved 1062912K
  class space    used 1890K, capacity 2045K, committed 2048K, reserved 1048576K
GC Heap History (10 events):
Event: 3.666 GC heap before
{Heap before GC invocations=6 (full 0):
 PSYoungGen      total 71680K, used 71135K [0x00000000d5d00000, 0x00000000df500000, 0x0000000100000000)
  eden space 66560K, 100% used [0x00000000d5d00000,0x00000000d9e00000,0x00000000d9e00000)
  from space 5120K, 89% used [0x00000000d9e00000,0x00000000da277cd0,0x00000000da300000)
  to   space 11264K, 0% used [0x00000000dea00000,0x00000000dea00000,0x00000000df500000)
 ParOldGen       total 87552K, used 9398K [0x0000000081600000, 0x0000000086b80000, 0x00000000d5d00000)
  object space 87552K, 10% used [0x0000000081600000,0x0000000081f2db80,0x0000000086b80000)
 Metaspace       used 13700K, capacity 14314K, committed 14592K, reserved 1062912K
  class space    used 1872K, capacity 2008K, committed 2048K, reserved 1048576K
Event: 3.670 GC heap after
Heap after GC invocations=6 (full 0):
 PSYoungGen      total 144384K, used 4575K [0x00000000d5d00000, 0x00000000df500000, 0x0000000100000000)
  eden space 133120K, 0% used [0x00000000d5d00000,0x00000000d5d00000,0x00000000ddf00000)
  from space 11264K, 40% used [0x00000000dea00000,0x00000000dee77cd0,0x00000000df500000)
  to   space 11264K, 0% used [0x00000000ddf00000,0x00000000ddf00000,0x00000000dea00000)
 ParOldGen       total 87552K, used 9406K [0x0000000081600000, 0x0000000086b80000, 0x00000000d5d00000)
  object space 87552K, 10% used [0x0000000081600000,0x0000000081f2fb80,0x0000000086b80000)
 Metaspace       used 13700K, capacity 14314K, committed 14592K, reserved 1062912K
  class space    used 1872K, capacity 2008K, committed 2048K, reserved 1048576K
}
Event: 4.653 GC heap before
{Heap before GC invocations=7 (full 0):
 PSYoungGen      total 144384K, used 137695K [0x00000000d5d00000, 0x00000000df500000, 0x0000000100000000)
  eden space 133120K, 100% used [0x00000000d5d00000,0x00000000ddf00000,0x00000000ddf00000)
  from space 11264K, 40% used [0x00000000dea00000,0x00000000dee77cd0,0x00000000df500000)
  to   space 11264K, 0% used [0x00000000ddf00000,0x00000000ddf00000,0x00000000dea00000)
 ParOldGen       total 87552K, used 9406K [0x0000000081600000, 0x0000000086b80000, 0x00000000d5d00000)
  object space 87552K, 10% used [0x0000000081600000,0x0000000081f2fb80,0x0000000086b80000)
 Metaspace       used 13782K, capacity 14378K, committed 14592K, reserved 1062912K
  class space    used 1872K, capacity 2008K, committed 2048K, reserved 1048576K
Event: 4.657 GC heap after
Heap after GC invocations=7 (full 0):
 PSYoungGen      total 144384K, used 624K [0x00000000d5d00000, 0x00000000e7800000, 0x0000000100000000)
  eden space 133120K, 0% used [0x00000000d5d00000,0x00000000d5d00000,0x00000000ddf00000)
  from space 11264K, 5% used [0x00000000ddf00000,0x00000000ddf9c010,0x00000000dea00000)
  to   space 11776K, 0% used [0x00000000e6c80000,0x00000000e6c80000,0x00000000e7800000)
 ParOldGen       total 87552K, used 13436K [0x0000000081600000, 0x0000000086b80000, 0x00000000d5d00000)
  object space 87552K, 15% used [0x0000000081600000,0x000000008231f2e8,0x0000000086b80000)
 Metaspace       used 13782K, capacity 14378K, committed 14592K, reserved 1062912K
  class space    used 1872K, capacity 2008K, committed 2048K, reserved 1048576K
}
Event: 5.598 GC heap before
{Heap before GC invocations=8 (full 0):
 PSYoungGen      total 144384K, used 133744K [0x00000000d5d00000, 0x00000000e7800000, 0x0000000100000000)
  eden space 133120K, 100% used [0x00000000d5d00000,0x00000000ddf00000,0x00000000ddf00000)
  from space 11264K, 5% used [0x00000000ddf00000,0x00000000ddf9c010,0x00000000dea00000)
  to   space 11776K, 0% used [0x00000000e6c80000,0x00000000e6c80000,0x00000000e7800000)
 ParOldGen       total 87552K, used 13436K [0x0000000081600000, 0x0000000086b80000, 0x00000000d5d00000)
  object space 87552K, 15% used [0x0000000081600000,0x000000008231f318,0x0000000086b80000)
 Metaspace       used 13833K, capacity 14442K, committed 14592K, reserved 1062912K
  class space    used 1872K, capacity 2008K, committed 2048K, reserved 1048576K
Event: 5.599 GC heap after
Heap after GC invocations=8 (full 0):
 PSYoungGen      total 128512K, used 256K [0x00000000d5d00000, 0x00000000e6d00000, 0x0000000100000000)
  eden space 128000K, 0% used [0x00000000d5d00000,0x00000000d5d00000,0x00000000dda00000)
  from space 512K, 50% used [0x00000000e6c80000,0x00000000e6cc0000,0x00000000e6d00000)
  to   space 11776K, 0% used [0x00000000e5600000,0x00000000e5600000,0x00000000e6180000)
 ParOldGen       total 87552K, used 13885K [0x0000000081600000, 0x0000000086b80000, 0x00000000d5d00000)
  object space 87552K, 15% used [0x0000000081600000,0x000000008238f688,0x0000000086b80000)
 Metaspace       used 13833K, capacity 14442K, committed 14592K, reserved 1062912K
  class space    used 1872K, capacity 2008K, committed 2048K, reserved 1048576K
}
Event: 6.492 GC heap before
{Heap before GC invocations=9 (full 0):
 PSYoungGen      total 128512K, used 128256K [0x00000000d5d00000, 0x00000000e6d00000, 0x0000000100000000)
  eden space 128000K, 100% used [0x00000000d5d00000,0x00000000dda00000,0x00000000dda00000)
  from space 512K, 50% used [0x00000000e6c80000,0x00000000e6cc0000,0x00000000e6d00000)
  to   space 11776K, 0% used [0x00000000e5600000,0x00000000e5600000,0x00000000e6180000)
 ParOldGen       total 87552K, used 13889K [0x0000000081600000, 0x0000000086b80000, 0x00000000d5d00000)
  object space 87552K, 15% used [0x0000000081600000,0x0000000082390488,0x0000000086b80000)
 Metaspace       used 14052K, capacity 14676K, committed 14848K, reserved 1062912K
  class space    used 1889K, capacity 2043K, committed 2048K, reserved 1048576K
Event: 6.493 GC heap after
Heap after GC invocations=9 (full 0):
 PSYoungGen      total 123904K, used 256K [0x00000000d5d00000, 0x00000000e6d00000, 0x0000000100000000)
  eden space 123392K, 0% used [0x00000000d5d00000,0x00000000d5d00000,0x00000000dd580000)
  from space 512K, 50% used [0x00000000e5600000,0x00000000e5640000,0x00000000e5680000)
  to   space 12288K, 0% used [0x00000000e6100000,0x00000000e6100000,0x00000000e6d00000)
 ParOldGen       total 87552K, used 13945K [0x0000000081600000, 0x0000000086b80000, 0x00000000d5d00000)
  object space 87552K, 15% used [0x0000000081600000,0x000000008239e488,0x0000000086b80000)
 Metaspace       used 14052K, capacity 14676K, committed 14848K, reserved 1062912K
  class space    used 1889K, capacity 2043K, committed 2048K, reserved 1048576K
}
Event: 7.363 GC heap before
{Heap before GC invocations=10 (full 0):
 PSYoungGen      total 123904K, used 122803K [0x00000000d5d00000, 0x00000000e6d00000, 0x0000000100000000)
  eden space 123392K, 99% used [0x00000000d5d00000,0x00000000dd4acd58,0x00000000dd580000)
  from space 512K, 50% used [0x00000000e5600000,0x00000000e5640000,0x00000000e5680000)
  to   space 12288K, 0% used [0x00000000e6100000,0x00000000e6100000,0x00000000e6d00000)
 ParOldGen       total 87552K, used 13945K [0x0000000081600000, 0x0000000086b80000, 0x00000000d5d00000)
  object space 87552K, 15% used [0x0000000081600000,0x000000008239e488,0x0000000086b80000)
 Metaspace       used 14138K, capacity 14744K, committed 14848K, reserved 1062912K
  class space    used 1889K, capacity 2043K, committed 2048K, reserved 1048576K
Event: 7.365 GC heap after
Heap after GC invocations=10 (full 0):
 PSYoungGen      total 119296K, used 293K [0x00000000d5d00000, 0x00000000e6180000, 0x0000000100000000)
  eden space 118784K, 0% used [0x00000000d5d00000,0x00000000d5d00000,0x00000000dd100000)
  from space 512K, 57% used [0x00000000e6100000,0x00000000e6149470,0x00000000e6180000)
  to   space 11776K, 0% used [0x00000000e4a80000,0x00000000e4a80000,0x00000000e5600000)
 ParOldGen       total 87552K, used 13993K [0x0000000081600000, 0x0000000086b80000, 0x00000000d5d00000)
  object space 87552K, 15% used [0x0000000081600000,0x00000000823aa488,0x0000000086b80000)
 Metaspace       used 14138K, capacity 14744K, committed 14848K, reserved 1062912K
  class space    used 1889K, capacity 2043K, committed 2048K, reserved 1048576K
}

