# JRE version: Java(TM) SE Runtime Environment (8.0_221-b11) (build 1.8.0_221-b11)
# Java VM: Java HotSpot(TM) 64-Bit Server VM (25.221-b11 mixed mode windows-amd64 compressed oops)
Heap:
 PSYoungGen      total 64000K, used 12869K [0x00000000d5d00000, 0x00000000dfe00000, 0x0000000100000000)
  eden space 63488K, 20% used [0x00000000d5d00000,0x00000000d69696c8,0x00000000d9b00000)
  from space 512K, 31% used [0x00000000dfd80000,0x00000000dfda8000,0x00000000dfe00000)
  to   space 1536K, 0% used [0x00000000dfb00000,0x00000000dfb00000,0x00000000dfc80000)
 ParOldGen       total 87552K, used 15023K [0x0000000081600000, 0x0000000086b80000, 0x00000000d5d00000)
  object space 87552K, 17% used [0x0000000081600000,0x00000000824abe98,0x0000000086b80000)
 Metaspace       used 14459K, capacity 15076K, committed 15360K, reserved 1062912K
  class space    used 1891K, capacity 2045K, committed 2048K, reserved 1048576K
GC Heap History (10 events):
Event: 43.382 GC heap before
{Heap before GC invocations=42 (full 0):
 PSYoungGen      total 76288K, used 73920K [0x00000000d5d00000, 0x00000000e0280000, 0x0000000100000000)
  eden space 73728K, 100% used [0x00000000d5d00000,0x00000000da500000,0x00000000da500000)
  from space 2560K, 7% used [0x00000000dfd80000,0x00000000dfdb0000,0x00000000e0000000)
  to   space 2560K, 0% used [0x00000000e0000000,0x00000000e0000000,0x00000000e0280000)
 ParOldGen       total 87552K, used 14895K [0x0000000081600000, 0x0000000086b80000, 0x00000000d5d00000)
  object space 87552K, 17% used [0x0000000081600000,0x000000008248be98,0x0000000086b80000)
 Metaspace       used 14431K, capacity 15064K, committed 15360K, reserved 1062912K
  class space    used 1890K, capacity 2043K, committed 2048K, reserved 1048576K
Event: 43.383 GC heap after
Heap after GC invocations=42 (full 0):
 PSYoungGen      total 72192K, used 192K [0x00000000d5d00000, 0x00000000e0080000, 0x0000000100000000)
  eden space 71680K, 0% used [0x00000000d5d00000,0x00000000d5d00000,0x00000000da300000)
  from space 512K, 37% used [0x00000000e0000000,0x00000000e0030000,0x00000000e0080000)
  to   space 2048K, 0% used [0x00000000dfc80000,0x00000000dfc80000,0x00000000dfe80000)
 ParOldGen       total 87552K, used 14895K [0x0000000081600000, 0x0000000086b80000, 0x00000000d5d00000)
  object space 87552K, 17% used [0x0000000081600000,0x000000008248be98,0x0000000086b80000)
 Metaspace       used 14431K, capacity 15064K, committed 15360K, reserved 1062912K
  class space    used 1890K, capacity 2043K, committed 2048K, reserved 1048576K
}
Event: 43.946 GC heap before
{Heap before GC invocations=43 (full 0):
 PSYoungGen      total 72192K, used 71872K [0x00000000d5d00000, 0x00000000e0080000, 0x0000000100000000)
  eden space 71680K, 100% used [0x00000000d5d00000,0x00000000da300000,0x00000000da300000)
  from space 512K, 37% used [0x00000000e0000000,0x00000000e0030000,0x00000000e0080000)
  to   space 2048K, 0% used [0x00000000dfc80000,0x00000000dfc80000,0x00000000dfe80000)
 ParOldGen       total 87552K, used 14895K [0x0000000081600000, 0x0000000086b80000, 0x00000000d5d00000)
  object space 87552K, 17% used [0x0000000081600000,0x000000008248be98,0x0000000086b80000)
 Metaspace       used 14432K, capacity 15064K, committed 15360K, reserved 1062912K
  class space    used 1890K, capacity 2043K, committed 2048K, reserved 1048576K
Event: 43.949 GC heap after
Heap after GC invocations=43 (full 0):
 PSYoungGen      total 71680K, used 192K [0x00000000d5d00000, 0x00000000e0080000, 0x0000000100000000)
  eden space 69632K, 0% used [0x00000000d5d00000,0x00000000d5d00000,0x00000000da100000)
  from space 2048K, 9% used [0x00000000dfc80000,0x00000000dfcb0000,0x00000000dfe80000)
  to   space 2048K, 0% used [0x00000000dfe80000,0x00000000dfe80000,0x00000000e0080000)
 ParOldGen       total 87552K, used 14935K [0x0000000081600000, 0x0000000086b80000, 0x00000000d5d00000)
  object space 87552K, 17% used [0x0000000081600000,0x0000000082495e98,0x0000000086b80000)
 Metaspace       used 14432K, capacity 15064K, committed 15360K, reserved 1062912K
  class space    used 1890K, capacity 2043K, committed 2048K, reserved 1048576K
}
Event: 44.438 GC heap before
{Heap before GC invocations=44 (full 0):
 PSYoungGen      total 71680K, used 69824K [0x00000000d5d00000, 0x00000000e0080000, 0x0000000100000000)
  eden space 69632K, 100% used [0x00000000d5d00000,0x00000000da100000,0x00000000da100000)
  from space 2048K, 9% used [0x00000000dfc80000,0x00000000dfcb0000,0x00000000dfe80000)
  to   space 2048K, 0% used [0x00000000dfe80000,0x00000000dfe80000,0x00000000e0080000)
 ParOldGen       total 87552K, used 14935K [0x0000000081600000, 0x0000000086b80000, 0x00000000d5d00000)
  object space 87552K, 17% used [0x0000000081600000,0x0000000082495e98,0x0000000086b80000)
 Metaspace       used 14434K, capacity 15064K, committed 15360K, reserved 1062912K
  class space    used 1890K, capacity 2043K, committed 2048K, reserved 1048576K
Event: 44.440 GC heap after
Heap after GC invocations=44 (full 0):
 PSYoungGen      total 68096K, used 224K [0x00000000d5d00000, 0x00000000dff00000, 0x0000000100000000)
  eden space 67584K, 0% used [0x00000000d5d00000,0x00000000d5d00000,0x00000000d9f00000)
  from space 512K, 43% used [0x00000000dfe80000,0x00000000dfeb8000,0x00000000dff00000)
  to   space 2048K, 0% used [0x00000000dfb00000,0x00000000dfb00000,0x00000000dfd00000)
 ParOldGen       total 87552K, used 14983K [0x0000000081600000, 0x0000000086b80000, 0x00000000d5d00000)
  object space 87552K, 17% used [0x0000000081600000,0x00000000824a1e98,0x0000000086b80000)
 Metaspace       used 14434K, capacity 15064K, committed 15360K, reserved 1062912K
  class space    used 1890K, capacity 2043K, committed 2048K, reserved 1048576K
}
Event: 44.936 GC heap before
{Heap before GC invocations=45 (full 0):
 PSYoungGen      total 68096K, used 67808K [0x00000000d5d00000, 0x00000000dff00000, 0x0000000100000000)
  eden space 67584K, 100% used [0x00000000d5d00000,0x00000000d9f00000,0x00000000d9f00000)
  from space 512K, 43% used [0x00000000dfe80000,0x00000000dfeb8000,0x00000000dff00000)
  to   space 2048K, 0% used [0x00000000dfb00000,0x00000000dfb00000,0x00000000dfd00000)
 ParOldGen       total 87552K, used 14983K [0x0000000081600000, 0x0000000086b80000, 0x00000000d5d00000)
  object space 87552K, 17% used [0x0000000081600000,0x00000000824a1e98,0x0000000086b80000)
 Metaspace       used 14434K, capacity 15064K, committed 15360K, reserved 1062912K
  class space    used 1890K, capacity 2043K, committed 2048K, reserved 1048576K
Event: 44.937 GC heap after
Heap after GC invocations=45 (full 0):
 PSYoungGen      total 67584K, used 160K [0x00000000d5d00000, 0x00000000dff00000, 0x0000000100000000)
  eden space 65536K, 0% used [0x00000000d5d00000,0x00000000d5d00000,0x00000000d9d00000)
  from space 2048K, 7% used [0x00000000dfb00000,0x00000000dfb28000,0x00000000dfd00000)
  to   space 1536K, 0% used [0x00000000dfd80000,0x00000000dfd80000,0x00000000dff00000)
 ParOldGen       total 87552K, used 15023K [0x0000000081600000, 0x0000000086b80000, 0x00000000d5d00000)
  object space 87552K, 17% used [0x0000000081600000,0x00000000824abe98,0x0000000086b80000)
 Metaspace       used 14434K, capacity 15064K, committed 15360K, reserved 1062912K
  class space    used 1890K, capacity 2043K, committed 2048K, reserved 1048576K
}
Event: 45.429 GC heap before
{Heap before GC invocations=46 (full 0):
 PSYoungGen      total 67584K, used 65696K [0x00000000d5d00000, 0x00000000dff00000, 0x0000000100000000)
  eden space 65536K, 100% used [0x00000000d5d00000,0x00000000d9d00000,0x00000000d9d00000)
  from space 2048K, 7% used [0x00000000dfb00000,0x00000000dfb28000,0x00000000dfd00000)
  to   space 1536K, 0% used [0x00000000dfd80000,0x00000000dfd80000,0x00000000dff00000)
 ParOldGen       total 87552K, used 15023K [0x0000000081600000, 0x0000000086b80000, 0x00000000d5d00000)
  object space 87552K, 17% used [0x0000000081600000,0x00000000824abe98,0x0000000086b80000)
 Metaspace       used 14435K, capacity 15064K, committed 15360K, reserved 1062912K
  class space    used 1890K, capacity 2043K, committed 2048K, reserved 1048576K
Event: 45.430 GC heap after
Heap after GC invocations=46 (full 0):
 PSYoungGen      total 64000K, used 160K [0x00000000d5d00000, 0x00000000dfe00000, 0x0000000100000000)
  eden space 63488K, 0% used [0x00000000d5d00000,0x00000000d5d00000,0x00000000d9b00000)
  from space 512K, 31% used [0x00000000dfd80000,0x00000000dfda8000,0x00000000dfe00000)
  to   space 1536K, 0% used [0x00000000dfb00000,0x00000000dfb00000,0x00000000dfc80000)
 ParOldGen       total 87552K, used 15023K [0x0000000081600000, 0x0000000086b80000, 0x00000000d5d00000)
  object space 87552K, 17% used [0x0000000081600000,0x00000000824abe98,0x0000000086b80000)
 Metaspace       used 14435K, capacity 15064K, committed 15360K, reserved 1062912K
  class space    used 1890K, capacity 2043K, committed 2048K, reserved 1048576K
}

