# JRE version: Java(TM) SE Runtime Environment (8.0_221-b11) (build 1.8.0_221-b11)
# Java VM: Java HotSpot(TM) 64-Bit Server VM (25.221-b11 mixed mode windows-amd64 compressed oops)
Heap:
 PSYoungGen      total 121856K, used 69723K [0x00000000d5d00000, 0x00000000de480000, 0x0000000100000000)
  eden space 114176K, 60% used [0x00000000d5d00000,0x00000000da0cef48,0x00000000dcc80000)
  from space 7680K, 3% used [0x00000000ddd00000,0x00000000ddd48000,0x00000000de480000)
  to   space 12288K, 0% used [0x00000000dcc80000,0x00000000dcc80000,0x00000000dd880000)
 ParOldGen       total 87552K, used 14065K [0x0000000081600000, 0x0000000086b80000, 0x00000000d5d00000)
  object space 87552K, 16% used [0x0000000081600000,0x00000000823bc668,0x0000000086b80000)
 Metaspace       used 14271K, capacity 14888K, committed 15104K, reserved 1062912K
  class space    used 1890K, capacity 2045K, committed 2048K, reserved 1048576K
GC Heap History (10 events):
Event: 4.882 GC heap before
{Heap before GC invocations=6 (full 0):
 PSYoungGen      total 71680K, used 71663K [0x00000000d5d00000, 0x00000000df500000, 0x0000000100000000)
  eden space 66560K, 100% used [0x00000000d5d00000,0x00000000d9e00000,0x00000000d9e00000)
  from space 5120K, 99% used [0x00000000d9e00000,0x00000000da2fbcd0,0x00000000da300000)
  to   space 11264K, 0% used [0x00000000dea00000,0x00000000dea00000,0x00000000df500000)
 ParOldGen       total 87552K, used 8850K [0x0000000081600000, 0x0000000086b80000, 0x00000000d5d00000)
  object space 87552K, 10% used [0x0000000081600000,0x0000000081ea4b90,0x0000000086b80000)
 Metaspace       used 13723K, capacity 14314K, committed 14592K, reserved 1062912K
  class space    used 1872K, capacity 2008K, committed 2048K, reserved 1048576K
Event: 4.889 GC heap after
Heap after GC invocations=6 (full 0):
 PSYoungGen      total 144384K, used 5199K [0x00000000d5d00000, 0x00000000df500000, 0x0000000100000000)
  eden space 133120K, 0% used [0x00000000d5d00000,0x00000000d5d00000,0x00000000ddf00000)
  from space 11264K, 46% used [0x00000000dea00000,0x00000000def13cd0,0x00000000df500000)
  to   space 11264K, 0% used [0x00000000ddf00000,0x00000000ddf00000,0x00000000dea00000)
 ParOldGen       total 87552K, used 8858K [0x0000000081600000, 0x0000000086b80000, 0x00000000d5d00000)
  object space 87552K, 10% used [0x0000000081600000,0x0000000081ea6b90,0x0000000086b80000)
 Metaspace       used 13723K, capacity 14314K, committed 14592K, reserved 1062912K
  class space    used 1872K, capacity 2008K, committed 2048K, reserved 1048576K
}
Event: 5.824 GC heap before
{Heap before GC invocations=7 (full 0):
 PSYoungGen      total 144384K, used 138319K [0x00000000d5d00000, 0x00000000df500000, 0x0000000100000000)
  eden space 133120K, 100% used [0x00000000d5d00000,0x00000000ddf00000,0x00000000ddf00000)
  from space 11264K, 46% used [0x00000000dea00000,0x00000000def13cd0,0x00000000df500000)
  to   space 11264K, 0% used [0x00000000ddf00000,0x00000000ddf00000,0x00000000dea00000)
 ParOldGen       total 87552K, used 8858K [0x0000000081600000, 0x0000000086b80000, 0x00000000d5d00000)
  object space 87552K, 10% used [0x0000000081600000,0x0000000081ea6b90,0x0000000086b80000)
 Metaspace       used 13806K, capacity 14442K, committed 14592K, reserved 1062912K
  class space    used 1872K, capacity 2008K, committed 2048K, reserved 1048576K
Event: 5.828 GC heap after
Heap after GC invocations=7 (full 0):
 PSYoungGen      total 129024K, used 624K [0x00000000d5d00000, 0x00000000df100000, 0x0000000100000000)
  eden space 128000K, 0% used [0x00000000d5d00000,0x00000000d5d00000,0x00000000dda00000)
  from space 1024K, 60% used [0x00000000ddf00000,0x00000000ddf9c010,0x00000000de000000)
  to   space 11776K, 0% used [0x00000000de580000,0x00000000de580000,0x00000000df100000)
 ParOldGen       total 87552K, used 13528K [0x0000000081600000, 0x0000000086b80000, 0x00000000d5d00000)
  object space 87552K, 15% used [0x0000000081600000,0x00000000823362f8,0x0000000086b80000)
 Metaspace       used 13806K, capacity 14442K, committed 14592K, reserved 1062912K
  class space    used 1872K, capacity 2008K, committed 2048K, reserved 1048576K
}
Event: 6.722 GC heap before
{Heap before GC invocations=8 (full 0):
 PSYoungGen      total 129024K, used 128624K [0x00000000d5d00000, 0x00000000df100000, 0x0000000100000000)
  eden space 128000K, 100% used [0x00000000d5d00000,0x00000000dda00000,0x00000000dda00000)
  from space 1024K, 60% used [0x00000000ddf00000,0x00000000ddf9c010,0x00000000de000000)
  to   space 11776K, 0% used [0x00000000de580000,0x00000000de580000,0x00000000df100000)
 ParOldGen       total 87552K, used 13528K [0x0000000081600000, 0x0000000086b80000, 0x00000000d5d00000)
  object space 87552K, 15% used [0x0000000081600000,0x00000000823362f8,0x0000000086b80000)
 Metaspace       used 13842K, capacity 14442K, committed 14592K, reserved 1062912K
  class space    used 1872K, capacity 2008K, committed 2048K, reserved 1048576K
Event: 6.723 GC heap after
Heap after GC invocations=8 (full 0):
 PSYoungGen      total 131584K, used 256K [0x00000000d5d00000, 0x00000000ded80000, 0x0000000100000000)
  eden space 123392K, 0% used [0x00000000d5d00000,0x00000000d5d00000,0x00000000dd580000)
  from space 8192K, 3% used [0x00000000de580000,0x00000000de5c0000,0x00000000ded80000)
  to   space 12288K, 0% used [0x00000000dd580000,0x00000000dd580000,0x00000000de180000)
 ParOldGen       total 87552K, used 13977K [0x0000000081600000, 0x0000000086b80000, 0x00000000d5d00000)
  object space 87552K, 15% used [0x0000000081600000,0x00000000823a6668,0x0000000086b80000)
 Metaspace       used 13842K, capacity 14442K, committed 14592K, reserved 1062912K
  class space    used 1872K, capacity 2008K, committed 2048K, reserved 1048576K
}
Event: 7.599 GC heap before
{Heap before GC invocations=9 (full 0):
 PSYoungGen      total 131584K, used 123648K [0x00000000d5d00000, 0x00000000ded80000, 0x0000000100000000)
  eden space 123392K, 100% used [0x00000000d5d00000,0x00000000dd580000,0x00000000dd580000)
  from space 8192K, 3% used [0x00000000de580000,0x00000000de5c0000,0x00000000ded80000)
  to   space 12288K, 0% used [0x00000000dd580000,0x00000000dd580000,0x00000000de180000)
 ParOldGen       total 87552K, used 13977K [0x0000000081600000, 0x0000000086b80000, 0x00000000d5d00000)
  object space 87552K, 15% used [0x0000000081600000,0x00000000823a6668,0x0000000086b80000)
 Metaspace       used 13910K, capacity 14506K, committed 14592K, reserved 1062912K
  class space    used 1872K, capacity 2008K, committed 2048K, reserved 1048576K
Event: 7.601 GC heap after
Heap after GC invocations=9 (full 0):
 PSYoungGen      total 119296K, used 192K [0x00000000d5d00000, 0x00000000de900000, 0x0000000100000000)
  eden space 118784K, 0% used [0x00000000d5d00000,0x00000000d5d00000,0x00000000dd100000)
  from space 512K, 37% used [0x00000000dd580000,0x00000000dd5b0000,0x00000000dd600000)
  to   space 12288K, 0% used [0x00000000ddd00000,0x00000000ddd00000,0x00000000de900000)
 ParOldGen       total 87552K, used 14025K [0x0000000081600000, 0x0000000086b80000, 0x00000000d5d00000)
  object space 87552K, 16% used [0x0000000081600000,0x00000000823b2668,0x0000000086b80000)
 Metaspace       used 13910K, capacity 14506K, committed 14592K, reserved 1062912K
  class space    used 1872K, capacity 2008K, committed 2048K, reserved 1048576K
}
Event: 8.432 GC heap before
{Heap before GC invocations=10 (full 0):
 PSYoungGen      total 119296K, used 118976K [0x00000000d5d00000, 0x00000000de900000, 0x0000000100000000)
  eden space 118784K, 100% used [0x00000000d5d00000,0x00000000dd100000,0x00000000dd100000)
  from space 512K, 37% used [0x00000000dd580000,0x00000000dd5b0000,0x00000000dd600000)
  to   space 12288K, 0% used [0x00000000ddd00000,0x00000000ddd00000,0x00000000de900000)
 ParOldGen       total 87552K, used 14025K [0x0000000081600000, 0x0000000086b80000, 0x00000000d5d00000)
  object space 87552K, 16% used [0x0000000081600000,0x00000000823b2668,0x0000000086b80000)
 Metaspace       used 14139K, capacity 14744K, committed 14848K, reserved 1062912K
  class space    used 1889K, capacity 2043K, committed 2048K, reserved 1048576K
Event: 8.434 GC heap after
Heap after GC invocations=10 (full 0):
 PSYoungGen      total 121856K, used 288K [0x00000000d5d00000, 0x00000000de480000, 0x0000000100000000)
  eden space 114176K, 0% used [0x00000000d5d00000,0x00000000d5d00000,0x00000000dcc80000)
  from space 7680K, 3% used [0x00000000ddd00000,0x00000000ddd48000,0x00000000de480000)
  to   space 12288K, 0% used [0x00000000dcc80000,0x00000000dcc80000,0x00000000dd880000)
 ParOldGen       total 87552K, used 14065K [0x0000000081600000, 0x0000000086b80000, 0x00000000d5d00000)
  object space 87552K, 16% used [0x0000000081600000,0x00000000823bc668,0x0000000086b80000)
 Metaspace       used 14139K, capacity 14744K, committed 14848K, reserved 1062912K
  class space    used 1889K, capacity 2043K, committed 2048K, reserved 1048576K
}

