# JRE version: Java(TM) SE Runtime Environment (8.0_221-b11) (build 1.8.0_221-b11)
# Java VM: Java HotSpot(TM) 64-Bit Server VM (25.221-b11 mixed mode windows-amd64 compressed oops)
Heap:
 PSYoungGen      total 44032K, used 18000K [0x00000000d5d00000, 0x00000000dff80000, 0x0000000100000000)
  eden space 41984K, 42% used [0x00000000d5d00000,0x00000000d6e640d8,0x00000000d8600000)
  from space 2048K, 9% used [0x00000000dfb80000,0x00000000dfbb0000,0x00000000dfd80000)
  to   space 1536K, 0% used [0x00000000dfe00000,0x00000000dfe00000,0x00000000dff80000)
 ParOldGen       total 87552K, used 14929K [0x0000000081600000, 0x0000000086b80000, 0x00000000d5d00000)
  object space 87552K, 17% used [0x0000000081600000,0x00000000824944c8,0x0000000086b80000)
 Metaspace       used 14476K, capacity 15076K, committed 15360K, reserved 1062912K
  class space    used 1891K, capacity 2045K, committed 2048K, reserved 1048576K
GC Heap History (10 events):
Event: 25.164 GC heap before
{Heap before GC invocations=41 (full 0):
 PSYoungGen      total 47616K, used 47296K [0x00000000d5d00000, 0x00000000e0280000, 0x0000000100000000)
  eden space 47104K, 100% used [0x00000000d5d00000,0x00000000d8b00000,0x00000000d8b00000)
  from space 512K, 37% used [0x00000000e0200000,0x00000000e0230000,0x00000000e0280000)
  to   space 2560K, 0% used [0x00000000dfd80000,0x00000000dfd80000,0x00000000e0000000)
 ParOldGen       total 87552K, used 14801K [0x0000000081600000, 0x0000000086b80000, 0x00000000d5d00000)
  object space 87552K, 16% used [0x0000000081600000,0x00000000824744c8,0x0000000086b80000)
 Metaspace       used 14435K, capacity 15064K, committed 15360K, reserved 1062912K
  class space    used 1890K, capacity 2043K, committed 2048K, reserved 1048576K
Event: 25.165 GC heap after
Heap after GC invocations=41 (full 0):
 PSYoungGen      total 48640K, used 224K [0x00000000d5d00000, 0x00000000e0280000, 0x0000000100000000)
  eden space 46080K, 0% used [0x00000000d5d00000,0x00000000d5d00000,0x00000000d8a00000)
  from space 2560K, 8% used [0x00000000dfd80000,0x00000000dfdb8000,0x00000000e0000000)
  to   space 2048K, 0% used [0x00000000e0080000,0x00000000e0080000,0x00000000e0280000)
 ParOldGen       total 87552K, used 14833K [0x0000000081600000, 0x0000000086b80000, 0x00000000d5d00000)
  object space 87552K, 16% used [0x0000000081600000,0x000000008247c4c8,0x0000000086b80000)
 Metaspace       used 14435K, capacity 15064K, committed 15360K, reserved 1062912K
  class space    used 1890K, capacity 2043K, committed 2048K, reserved 1048576K
}
Event: 25.476 GC heap before
{Heap before GC invocations=42 (full 0):
 PSYoungGen      total 48640K, used 46304K [0x00000000d5d00000, 0x00000000e0280000, 0x0000000100000000)
  eden space 46080K, 100% used [0x00000000d5d00000,0x00000000d8a00000,0x00000000d8a00000)
  from space 2560K, 8% used [0x00000000dfd80000,0x00000000dfdb8000,0x00000000e0000000)
  to   space 2048K, 0% used [0x00000000e0080000,0x00000000e0080000,0x00000000e0280000)
 ParOldGen       total 87552K, used 14833K [0x0000000081600000, 0x0000000086b80000, 0x00000000d5d00000)
  object space 87552K, 16% used [0x0000000081600000,0x000000008247c4c8,0x0000000086b80000)
 Metaspace       used 14436K, capacity 15064K, committed 15360K, reserved 1062912K
  class space    used 1890K, capacity 2043K, committed 2048K, reserved 1048576K
Event: 25.479 GC heap after
Heap after GC invocations=42 (full 0):
 PSYoungGen      total 45568K, used 128K [0x00000000d5d00000, 0x00000000e0100000, 0x0000000100000000)
  eden space 45056K, 0% used [0x00000000d5d00000,0x00000000d5d00000,0x00000000d8900000)
  from space 512K, 25% used [0x00000000e0080000,0x00000000e00a0000,0x00000000e0100000)
  to   space 2048K, 0% used [0x00000000dfd00000,0x00000000dfd00000,0x00000000dff00000)
 ParOldGen       total 87552K, used 14857K [0x0000000081600000, 0x0000000086b80000, 0x00000000d5d00000)
  object space 87552K, 16% used [0x0000000081600000,0x00000000824824c8,0x0000000086b80000)
 Metaspace       used 14436K, capacity 15064K, committed 15360K, reserved 1062912K
  class space    used 1890K, capacity 2043K, committed 2048K, reserved 1048576K
}
Event: 25.826 GC heap before
{Heap before GC invocations=43 (full 0):
 PSYoungGen      total 45568K, used 45184K [0x00000000d5d00000, 0x00000000e0100000, 0x0000000100000000)
  eden space 45056K, 100% used [0x00000000d5d00000,0x00000000d8900000,0x00000000d8900000)
  from space 512K, 25% used [0x00000000e0080000,0x00000000e00a0000,0x00000000e0100000)
  to   space 2048K, 0% used [0x00000000dfd00000,0x00000000dfd00000,0x00000000dff00000)
 ParOldGen       total 87552K, used 14857K [0x0000000081600000, 0x0000000086b80000, 0x00000000d5d00000)
  object space 87552K, 16% used [0x0000000081600000,0x00000000824824c8,0x0000000086b80000)
 Metaspace       used 14436K, capacity 15064K, committed 15360K, reserved 1062912K
  class space    used 1890K, capacity 2043K, committed 2048K, reserved 1048576K
Event: 25.828 GC heap after
Heap after GC invocations=43 (full 0):
 PSYoungGen      total 46080K, used 128K [0x00000000d5d00000, 0x00000000e0100000, 0x0000000100000000)
  eden space 44032K, 0% used [0x00000000d5d00000,0x00000000d5d00000,0x00000000d8800000)
  from space 2048K, 6% used [0x00000000dfd00000,0x00000000dfd20000,0x00000000dff00000)
  to   space 2048K, 0% used [0x00000000dff00000,0x00000000dff00000,0x00000000e0100000)
 ParOldGen       total 87552K, used 14881K [0x0000000081600000, 0x0000000086b80000, 0x00000000d5d00000)
  object space 87552K, 16% used [0x0000000081600000,0x00000000824884c8,0x0000000086b80000)
 Metaspace       used 14436K, capacity 15064K, committed 15360K, reserved 1062912K
  class space    used 1890K, capacity 2043K, committed 2048K, reserved 1048576K
}
Event: 26.173 GC heap before
{Heap before GC invocations=44 (full 0):
 PSYoungGen      total 46080K, used 44160K [0x00000000d5d00000, 0x00000000e0100000, 0x0000000100000000)
  eden space 44032K, 100% used [0x00000000d5d00000,0x00000000d8800000,0x00000000d8800000)
  from space 2048K, 6% used [0x00000000dfd00000,0x00000000dfd20000,0x00000000dff00000)
  to   space 2048K, 0% used [0x00000000dff00000,0x00000000dff00000,0x00000000e0100000)
 ParOldGen       total 87552K, used 14881K [0x0000000081600000, 0x0000000086b80000, 0x00000000d5d00000)
  object space 87552K, 16% used [0x0000000081600000,0x00000000824884c8,0x0000000086b80000)
 Metaspace       used 14436K, capacity 15064K, committed 15360K, reserved 1062912K
  class space    used 1890K, capacity 2043K, committed 2048K, reserved 1048576K
Event: 26.174 GC heap after
Heap after GC invocations=44 (full 0):
 PSYoungGen      total 43520K, used 192K [0x00000000d5d00000, 0x00000000dff80000, 0x0000000100000000)
  eden space 43008K, 0% used [0x00000000d5d00000,0x00000000d5d00000,0x00000000d8700000)
  from space 512K, 37% used [0x00000000dff00000,0x00000000dff30000,0x00000000dff80000)
  to   space 2048K, 0% used [0x00000000dfb80000,0x00000000dfb80000,0x00000000dfd80000)
 ParOldGen       total 87552K, used 14921K [0x0000000081600000, 0x0000000086b80000, 0x00000000d5d00000)
  object space 87552K, 17% used [0x0000000081600000,0x00000000824924c8,0x0000000086b80000)
 Metaspace       used 14436K, capacity 15064K, committed 15360K, reserved 1062912K
  class space    used 1890K, capacity 2043K, committed 2048K, reserved 1048576K
}
Event: 26.483 GC heap before
{Heap before GC invocations=45 (full 0):
 PSYoungGen      total 43520K, used 43200K [0x00000000d5d00000, 0x00000000dff80000, 0x0000000100000000)
  eden space 43008K, 100% used [0x00000000d5d00000,0x00000000d8700000,0x00000000d8700000)
  from space 512K, 37% used [0x00000000dff00000,0x00000000dff30000,0x00000000dff80000)
  to   space 2048K, 0% used [0x00000000dfb80000,0x00000000dfb80000,0x00000000dfd80000)
 ParOldGen       total 87552K, used 14921K [0x0000000081600000, 0x0000000086b80000, 0x00000000d5d00000)
  object space 87552K, 17% used [0x0000000081600000,0x00000000824924c8,0x0000000086b80000)
 Metaspace       used 14436K, capacity 15064K, committed 15360K, reserved 1062912K
  class space    used 1890K, capacity 2043K, committed 2048K, reserved 1048576K
Event: 26.485 GC heap after
Heap after GC invocations=45 (full 0):
 PSYoungGen      total 44032K, used 192K [0x00000000d5d00000, 0x00000000dff80000, 0x0000000100000000)
  eden space 41984K, 0% used [0x00000000d5d00000,0x00000000d5d00000,0x00000000d8600000)
  from space 2048K, 9% used [0x00000000dfb80000,0x00000000dfbb0000,0x00000000dfd80000)
  to   space 1536K, 0% used [0x00000000dfe00000,0x00000000dfe00000,0x00000000dff80000)
 ParOldGen       total 87552K, used 14929K [0x0000000081600000, 0x0000000086b80000, 0x00000000d5d00000)
  object space 87552K, 17% used [0x0000000081600000,0x00000000824944c8,0x0000000086b80000)
 Metaspace       used 14436K, capacity 15064K, committed 15360K, reserved 1062912K
  class space    used 1890K, capacity 2043K, committed 2048K, reserved 1048576K
}

