# JRE version: Java(TM) SE Runtime Environment (8.0_221-b11) (build 1.8.0_221-b11)
# Java VM: Java HotSpot(TM) 64-Bit Server VM (25.221-b11 mixed mode windows-amd64 compressed oops)
Heap:
 PSYoungGen      total 35840K, used 30233K [0x00000000d5d00000, 0x00000000dfb80000, 0x0000000100000000)
  eden space 34816K, 86% used [0x00000000d5d00000,0x00000000d7a56540,0x00000000d7f00000)
  from space 1024K, 18% used [0x00000000df980000,0x00000000df9b0000,0x00000000dfa80000)
  to   space 1024K, 0% used [0x00000000dfa80000,0x00000000dfa80000,0x00000000dfb80000)
 ParOldGen       total 87552K, used 15238K [0x0000000081600000, 0x0000000086b80000, 0x00000000d5d00000)
  object space 87552K, 17% used [0x0000000081600000,0x00000000824e18e0,0x0000000086b80000)
 Metaspace       used 14458K, capacity 15076K, committed 15360K, reserved 1062912K
  class space    used 1892K, capacity 2045K, committed 2048K, reserved 1048576K
GC Heap History (10 events):
Event: 28.239 GC heap before
{Heap before GC invocations=51 (full 0):
 PSYoungGen      total 37888K, used 37568K [0x00000000d5d00000, 0x00000000dfc80000, 0x0000000100000000)
  eden space 37376K, 100% used [0x00000000d5d00000,0x00000000d8180000,0x00000000d8180000)
  from space 512K, 37% used [0x00000000dfc00000,0x00000000dfc30000,0x00000000dfc80000)
  to   space 1536K, 0% used [0x00000000df980000,0x00000000df980000,0x00000000dfb00000)
 ParOldGen       total 87552K, used 15182K [0x0000000081600000, 0x0000000086b80000, 0x00000000d5d00000)
  object space 87552K, 17% used [0x0000000081600000,0x00000000824d38e0,0x0000000086b80000)
 Metaspace       used 14431K, capacity 15064K, committed 15360K, reserved 1062912K
  class space    used 1890K, capacity 2043K, committed 2048K, reserved 1048576K
Event: 28.241 GC heap after
Heap after GC invocations=51 (full 0):
 PSYoungGen      total 38400K, used 224K [0x00000000d5d00000, 0x00000000dfc80000, 0x0000000100000000)
  eden space 36864K, 0% used [0x00000000d5d00000,0x00000000d5d00000,0x00000000d8100000)
  from space 1536K, 14% used [0x00000000df980000,0x00000000df9b8000,0x00000000dfb00000)
  to   space 1024K, 0% used [0x00000000dfb80000,0x00000000dfb80000,0x00000000dfc80000)
 ParOldGen       total 87552K, used 15182K [0x0000000081600000, 0x0000000086b80000, 0x00000000d5d00000)
  object space 87552K, 17% used [0x0000000081600000,0x00000000824d38e0,0x0000000086b80000)
 Metaspace       used 14431K, capacity 15064K, committed 15360K, reserved 1062912K
  class space    used 1890K, capacity 2043K, committed 2048K, reserved 1048576K
}
Event: 28.483 GC heap before
{Heap before GC invocations=52 (full 0):
 PSYoungGen      total 38400K, used 37088K [0x00000000d5d00000, 0x00000000dfc80000, 0x0000000100000000)
  eden space 36864K, 100% used [0x00000000d5d00000,0x00000000d8100000,0x00000000d8100000)
  from space 1536K, 14% used [0x00000000df980000,0x00000000df9b8000,0x00000000dfb00000)
  to   space 1024K, 0% used [0x00000000dfb80000,0x00000000dfb80000,0x00000000dfc80000)
 ParOldGen       total 87552K, used 15182K [0x0000000081600000, 0x0000000086b80000, 0x00000000d5d00000)
  object space 87552K, 17% used [0x0000000081600000,0x00000000824d38e0,0x0000000086b80000)
 Metaspace       used 14432K, capacity 15064K, committed 15360K, reserved 1062912K
  class space    used 1891K, capacity 2043K, committed 2048K, reserved 1048576K
Event: 28.486 GC heap after
Heap after GC invocations=52 (full 0):
 PSYoungGen      total 36864K, used 192K [0x00000000d5d00000, 0x00000000dfc00000, 0x0000000100000000)
  eden space 36352K, 0% used [0x00000000d5d00000,0x00000000d5d00000,0x00000000d8080000)
  from space 512K, 37% used [0x00000000dfb80000,0x00000000dfbb0000,0x00000000dfc00000)
  to   space 1024K, 0% used [0x00000000dfa00000,0x00000000dfa00000,0x00000000dfb00000)
 ParOldGen       total 87552K, used 15182K [0x0000000081600000, 0x0000000086b80000, 0x00000000d5d00000)
  object space 87552K, 17% used [0x0000000081600000,0x00000000824d38e0,0x0000000086b80000)
 Metaspace       used 14432K, capacity 15064K, committed 15360K, reserved 1062912K
  class space    used 1891K, capacity 2043K, committed 2048K, reserved 1048576K
}
Event: 28.779 GC heap before
{Heap before GC invocations=53 (full 0):
 PSYoungGen      total 36864K, used 36544K [0x00000000d5d00000, 0x00000000dfc00000, 0x0000000100000000)
  eden space 36352K, 100% used [0x00000000d5d00000,0x00000000d8080000,0x00000000d8080000)
  from space 512K, 37% used [0x00000000dfb80000,0x00000000dfbb0000,0x00000000dfc00000)
  to   space 1024K, 0% used [0x00000000dfa00000,0x00000000dfa00000,0x00000000dfb00000)
 ParOldGen       total 87552K, used 15182K [0x0000000081600000, 0x0000000086b80000, 0x00000000d5d00000)
  object space 87552K, 17% used [0x0000000081600000,0x00000000824d38e0,0x0000000086b80000)
 Metaspace       used 14432K, capacity 15064K, committed 15360K, reserved 1062912K
  class space    used 1891K, capacity 2043K, committed 2048K, reserved 1048576K
Event: 28.780 GC heap after
Heap after GC invocations=53 (full 0):
 PSYoungGen      total 36864K, used 224K [0x00000000d5d00000, 0x00000000dfc00000, 0x0000000100000000)
  eden space 35840K, 0% used [0x00000000d5d00000,0x00000000d5d00000,0x00000000d8000000)
  from space 1024K, 21% used [0x00000000dfa00000,0x00000000dfa38000,0x00000000dfb00000)
  to   space 1024K, 0% used [0x00000000dfb00000,0x00000000dfb00000,0x00000000dfc00000)
 ParOldGen       total 87552K, used 15222K [0x0000000081600000, 0x0000000086b80000, 0x00000000d5d00000)
  object space 87552K, 17% used [0x0000000081600000,0x00000000824dd8e0,0x0000000086b80000)
 Metaspace       used 14432K, capacity 15064K, committed 15360K, reserved 1062912K
  class space    used 1891K, capacity 2043K, committed 2048K, reserved 1048576K
}
Event: 29.038 GC heap before
{Heap before GC invocations=54 (full 0):
 PSYoungGen      total 36864K, used 36064K [0x00000000d5d00000, 0x00000000dfc00000, 0x0000000100000000)
  eden space 35840K, 100% used [0x00000000d5d00000,0x00000000d8000000,0x00000000d8000000)
  from space 1024K, 21% used [0x00000000dfa00000,0x00000000dfa38000,0x00000000dfb00000)
  to   space 1024K, 0% used [0x00000000dfb00000,0x00000000dfb00000,0x00000000dfc00000)
 ParOldGen       total 87552K, used 15222K [0x0000000081600000, 0x0000000086b80000, 0x00000000d5d00000)
  object space 87552K, 17% used [0x0000000081600000,0x00000000824dd8e0,0x0000000086b80000)
 Metaspace       used 14432K, capacity 15064K, committed 15360K, reserved 1062912K
  class space    used 1891K, capacity 2043K, committed 2048K, reserved 1048576K
Event: 29.040 GC heap after
Heap after GC invocations=54 (full 0):
 PSYoungGen      total 35840K, used 224K [0x00000000d5d00000, 0x00000000dfb80000, 0x0000000100000000)
  eden space 35328K, 0% used [0x00000000d5d00000,0x00000000d5d00000,0x00000000d7f80000)
  from space 512K, 43% used [0x00000000dfb00000,0x00000000dfb38000,0x00000000dfb80000)
  to   space 1024K, 0% used [0x00000000df980000,0x00000000df980000,0x00000000dfa80000)
 ParOldGen       total 87552K, used 15238K [0x0000000081600000, 0x0000000086b80000, 0x00000000d5d00000)
  object space 87552K, 17% used [0x0000000081600000,0x00000000824e18e0,0x0000000086b80000)
 Metaspace       used 14432K, capacity 15064K, committed 15360K, reserved 1062912K
  class space    used 1891K, capacity 2043K, committed 2048K, reserved 1048576K
}
Event: 29.281 GC heap before
{Heap before GC invocations=55 (full 0):
 PSYoungGen      total 35840K, used 35552K [0x00000000d5d00000, 0x00000000dfb80000, 0x0000000100000000)
  eden space 35328K, 100% used [0x00000000d5d00000,0x00000000d7f80000,0x00000000d7f80000)
  from space 512K, 43% used [0x00000000dfb00000,0x00000000dfb38000,0x00000000dfb80000)
  to   space 1024K, 0% used [0x00000000df980000,0x00000000df980000,0x00000000dfa80000)
 ParOldGen       total 87552K, used 15238K [0x0000000081600000, 0x0000000086b80000, 0x00000000d5d00000)
  object space 87552K, 17% used [0x0000000081600000,0x00000000824e18e0,0x0000000086b80000)
 Metaspace       used 14433K, capacity 15064K, committed 15360K, reserved 1062912K
  class space    used 1891K, capacity 2043K, committed 2048K, reserved 1048576K
Event: 29.283 GC heap after
Heap after GC invocations=55 (full 0):
 PSYoungGen      total 35840K, used 192K [0x00000000d5d00000, 0x00000000dfb80000, 0x0000000100000000)
  eden space 34816K, 0% used [0x00000000d5d00000,0x00000000d5d00000,0x00000000d7f00000)
  from space 1024K, 18% used [0x00000000df980000,0x00000000df9b0000,0x00000000dfa80000)
  to   space 1024K, 0% used [0x00000000dfa80000,0x00000000dfa80000,0x00000000dfb80000)
 ParOldGen       total 87552K, used 15238K [0x0000000081600000, 0x0000000086b80000, 0x00000000d5d00000)
  object space 87552K, 17% used [0x0000000081600000,0x00000000824e18e0,0x0000000086b80000)
 Metaspace       used 14433K, capacity 15064K, committed 15360K, reserved 1062912K
  class space    used 1891K, capacity 2043K, committed 2048K, reserved 1048576K
}

